This is pdfTeX, Version 3.14159265-2.6-1.40.21 (MiKTeX 20.6.29) (preloaded format=pdflatex 2020.8.24)  15 SEP 2021 00:05
entering extended mode
**./ZebrafishPaper.tex
(ZebrafishPaper.tex
LaTeX2e <2020-02-02> patch level 5
L3 programming layer <2020-06-18>
(C:\Users\bsterling\AppData\Local\Programs\MiKTeX\tex/latex/elsarticle\elsartic
le.cls
Document Class: elsarticle 2020/11/20, 3.3: Elsevier Ltd
(C:\Users\bsterling\AppData\Local\Programs\MiKTeX\tex/latex/l3kernel\expl3.sty
Package: expl3 2020-06-18 L3 programming layer (loader) 

(C:\Users\bsterling\AppData\Local\Programs\MiKTeX\tex/latex/l3backend\l3backend
-pdfmode.def
File: l3backend-pdfmode.def 2020-06-29 L3 backend support: PDF mode
\l__kernel_color_stack_int=\count167
\l__pdf_internal_box=\box45
))
(C:\Users\bsterling\AppData\Local\Programs\MiKTeX\tex/latex/l3packages/xparse\x
parse.sty
Package: xparse 2020-05-15 L3 Experimental document command parser

(C:\Users\bsterling\AppData\Local\Programs\MiKTeX\tex/latex/l3packages/xparse\x
parse-generic.tex
\l__xparse_current_arg_int=\count168
\g__xparse_grabber_int=\count169
\l__xparse_m_args_int=\count170
\l__xparse_v_nesting_int=\count171
))
(C:\Users\bsterling\AppData\Local\Programs\MiKTeX\tex/latex/etoolbox\etoolbox.s
ty
Package: etoolbox 2019/09/21 v2.5h e-TeX tools for LaTeX (JAW)
\etb@tempcnta=\count172
)
\@bls=\dimen134

(C:\Users\bsterling\AppData\Local\Programs\MiKTeX\tex/latex/base\article.cls
Document Class: article 2019/12/20 v1.4l Standard LaTeX document class
(C:\Users\bsterling\AppData\Local\Programs\MiKTeX\tex/latex/base\size12.clo
File: size12.clo 2019/12/20 v1.4l Standard LaTeX file (size option)
)
\c@part=\count173
\c@section=\count174
\c@subsection=\count175
\c@subsubsection=\count176
\c@paragraph=\count177
\c@subparagraph=\count178
\c@figure=\count179
\c@table=\count180
\abovecaptionskip=\skip47
\belowcaptionskip=\skip48
\bibindent=\dimen135
)
(C:\Users\bsterling\AppData\Local\Programs\MiKTeX\tex/latex/graphics\graphicx.s
ty
Package: graphicx 2019/11/30 v1.2a Enhanced LaTeX Graphics (DPC,SPQR)

(C:\Users\bsterling\AppData\Local\Programs\MiKTeX\tex/latex/graphics\keyval.sty
Package: keyval 2014/10/28 v1.15 key=value parser (DPC)
\KV@toks@=\toks15
)
(C:\Users\bsterling\AppData\Local\Programs\MiKTeX\tex/latex/graphics\graphics.s
ty
Package: graphics 2019/11/30 v1.4a Standard LaTeX Graphics (DPC,SPQR)

(C:\Users\bsterling\AppData\Local\Programs\MiKTeX\tex/latex/graphics\trig.sty
Package: trig 2016/01/03 v1.10 sin cos tan (DPC)
)
(C:\Users\bsterling\AppData\Local\Programs\MiKTeX\tex/latex/graphics-cfg\graphi
cs.cfg
File: graphics.cfg 2016/06/04 v1.11 sample graphics configuration
)
Package graphics Info: Driver file: pdftex.def on input line 105.

(C:\Users\bsterling\AppData\Local\Programs\MiKTeX\tex/latex/graphics-def\pdftex
.def
File: pdftex.def 2018/01/08 v1.0l Graphics/color driver for pdftex
))
\Gin@req@height=\dimen136
\Gin@req@width=\dimen137
)
\c@tnote=\count181
\c@fnote=\count182
\c@cnote=\count183
\c@ead=\count184
\c@author=\count185
\@eadauthor=\toks16
\c@affn=\count186
\absbox=\box46
\elsarticlehighlightsbox=\box47
\elsarticlegrabsbox=\box48
\keybox=\box49
\Columnwidth=\dimen138
\space@left=\dimen139
\els@boxa=\box50
\els@boxb=\box51
\leftMargin=\dimen140
\@enLab=\toks17
\@sep=\skip49
\@@sep=\skip50
 (ZebrafishPaper.spl)
(C:\Users\bsterling\AppData\Local\Programs\MiKTeX\tex/latex/natbib\natbib.sty
Package: natbib 2010/09/13 8.31b (PWD, AO)
\bibhang=\skip51
\bibsep=\skip52
LaTeX Info: Redefining \cite on input line 694.
\c@NAT@ctr=\count187
)
\splwrite=\write3
\openout3 = `ZebrafishPaper.spl'.

\appnamewidth=\dimen141
)
(C:\Users\bsterling\AppData\Local\Programs\MiKTeX\tex/latex/amsfonts\amssymb.st
y
Package: amssymb 2013/01/14 v3.01 AMS font symbols

(C:\Users\bsterling\AppData\Local\Programs\MiKTeX\tex/latex/amsfonts\amsfonts.s
ty
Package: amsfonts 2013/01/14 v3.01 Basic AMSFonts support
\@emptytoks=\toks18
\symAMSa=\mathgroup4
\symAMSb=\mathgroup5
LaTeX Font Info:    Redeclaring math symbol \hbar on input line 98.
LaTeX Font Info:    Overwriting math alphabet `\mathfrak' in version `bold'
(Font)                  U/euf/m/n --> U/euf/b/n on input line 106.
))
(C:\Users\bsterling\AppData\Local\Programs\MiKTeX\tex/latex/amsmath\amsmath.sty
Package: amsmath 2020/01/20 v2.17e AMS math features
\@mathmargin=\skip53
For additional information on amsmath, use the `?' option.

(C:\Users\bsterling\AppData\Local\Programs\MiKTeX\tex/latex/amsmath\amstext.sty
Package: amstext 2000/06/29 v2.01 AMS text
(C:\Users\bsterling\AppData\Local\Programs\MiKTeX\tex/latex/amsmath\amsgen.sty
File: amsgen.sty 1999/11/30 v2.0 generic functions
\@emptytoks=\toks19
\ex@=\dimen142
))
(C:\Users\bsterling\AppData\Local\Programs\MiKTeX\tex/latex/amsmath\amsbsy.sty
Package: amsbsy 1999/11/29 v1.2d Bold Symbols
\pmbraise@=\dimen143
) (C:\Users\bsterling\AppData\Local\Programs\MiKTeX\tex/latex/amsmath\amsopn.st
y
Package: amsopn 2016/03/08 v2.02 operator names
)
\inf@bad=\count188
LaTeX Info: Redefining \frac on input line 227.
\uproot@=\count189
\leftroot@=\count190
LaTeX Info: Redefining \overline on input line 389.
\classnum@=\count191
\DOTSCASE@=\count192
LaTeX Info: Redefining \ldots on input line 486.
LaTeX Info: Redefining \dots on input line 489.
LaTeX Info: Redefining \cdots on input line 610.
\Mathstrutbox@=\box52
\strutbox@=\box53
\big@size=\dimen144
LaTeX Font Info:    Redeclaring font encoding OML on input line 733.
LaTeX Font Info:    Redeclaring font encoding OMS on input line 734.
\macc@depth=\count193
\c@MaxMatrixCols=\count194
\dotsspace@=\muskip16
\c@parentequation=\count195
\dspbrk@lvl=\count196
\tag@help=\toks20
\row@=\count197
\column@=\count198
\maxfields@=\count199
\andhelp@=\toks21
\eqnshift@=\dimen145
\alignsep@=\dimen146
\tagshift@=\dimen147
\tagwidth@=\dimen148
\totwidth@=\dimen149
\lineht@=\dimen150
\@envbody=\toks22
\multlinegap=\skip54
\multlinetaggap=\skip55
\mathdisplay@stack=\toks23
LaTeX Info: Redefining \[ on input line 2859.
LaTeX Info: Redefining \] on input line 2860.
)
\c@bla=\count266
 (ZebrafishPaper.aux)
\openout1 = `ZebrafishPaper.aux'.

LaTeX Font Info:    Checking defaults for OML/cmm/m/it on input line 86.
LaTeX Font Info:    ... okay on input line 86.
LaTeX Font Info:    Checking defaults for OMS/cmsy/m/n on input line 86.
LaTeX Font Info:    ... okay on input line 86.
LaTeX Font Info:    Checking defaults for OT1/cmr/m/n on input line 86.
LaTeX Font Info:    ... okay on input line 86.
LaTeX Font Info:    Checking defaults for T1/cmr/m/n on input line 86.
LaTeX Font Info:    ... okay on input line 86.
LaTeX Font Info:    Checking defaults for TS1/cmr/m/n on input line 86.
LaTeX Font Info:    ... okay on input line 86.
LaTeX Font Info:    Checking defaults for OMX/cmex/m/n on input line 86.
LaTeX Font Info:    ... okay on input line 86.
LaTeX Font Info:    Checking defaults for U/cmr/m/n on input line 86.
LaTeX Font Info:    ... okay on input line 86.

(C:\Users\bsterling\AppData\Local\Programs\MiKTeX\tex/context/base/mkii\supp-pd
f.mkii
[Loading MPS to PDF converter (version 2006.09.02).]
\scratchcounter=\count267
\scratchdimen=\dimen151
\scratchbox=\box54
\nofMPsegments=\count268
\nofMParguments=\count269
\everyMPshowfont=\toks24
\MPscratchCnt=\count270
\MPscratchDim=\dimen152
\MPnumerator=\count271
\makeMPintoPDFobject=\count272
\everyMPtoPDFconversion=\toks25
)
(C:\Users\bsterling\AppData\Local\Programs\MiKTeX\tex/latex/epstopdf-pkg\epstop
df-base.sty
Package: epstopdf-base 2020-01-24 v2.11 Base part for package epstopdf

(C:\Users\bsterling\AppData\Local\Programs\MiKTeX\tex/generic/infwarerr\infware
rr.sty
Package: infwarerr 2019/12/03 v1.5 Providing info/warning/error messages (HO)
)
(C:\Users\bsterling\AppData\Local\Programs\MiKTeX\tex/latex/grfext\grfext.sty
Package: grfext 2019/12/03 v1.3 Manage graphics extensions (HO)

(C:\Users\bsterling\AppData\Local\Programs\MiKTeX\tex/generic/kvdefinekeys\kvde
finekeys.sty
Package: kvdefinekeys 2019-12-19 v1.6 Define keys (HO)
))
(C:\Users\bsterling\AppData\Local\Programs\MiKTeX\tex/latex/kvoptions\kvoptions
.sty
Package: kvoptions 2019/11/29 v3.13 Key value format for package options (HO)

(C:\Users\bsterling\AppData\Local\Programs\MiKTeX\tex/generic/ltxcmds\ltxcmds.s
ty
Package: ltxcmds 2019/12/15 v1.24 LaTeX kernel commands for general use (HO)
)
(C:\Users\bsterling\AppData\Local\Programs\MiKTeX\tex/generic/kvsetkeys\kvsetke
ys.sty
Package: kvsetkeys 2019/12/15 v1.18 Key value parser (HO)
))
(C:\Users\bsterling\AppData\Local\Programs\MiKTeX\tex/generic/pdftexcmds\pdftex
cmds.sty
Package: pdftexcmds 2020-06-27 v0.33 Utility functions of pdfTeX for LuaTeX (HO
)

(C:\Users\bsterling\AppData\Local\Programs\MiKTeX\tex/generic/iftex\iftex.sty
Package: iftex 2020/03/06 v1.0d TeX engine tests
)
Package pdftexcmds Info: \pdf@primitive is available.
Package pdftexcmds Info: \pdf@ifprimitive is available.
Package pdftexcmds Info: \pdfdraftmode found.
)
Package epstopdf-base Info: Redefining graphics rule for `.eps' on input line 4
85.
Package grfext Info: Graphics extension search list:
(grfext)             [.pdf,.png,.jpg,.mps,.jpeg,.jbig2,.jb2,.PDF,.PNG,.JPG,.JPE
G,.JBIG2,.JB2,.eps]
(grfext)             \AppendGraphicsExtensions on input line 504.
)
LaTeX Font Info:    Trying to load font information for U+msa on input line 147
.
 (C:\Users\bsterling\AppData\Local\Programs\MiKTeX\tex/latex/amsfonts\umsa.fd
File: umsa.fd 2013/01/14 v3.01 AMS symbols A
)
LaTeX Font Info:    Trying to load font information for U+msb on input line 147
.
(C:\Users\bsterling\AppData\Local\Programs\MiKTeX\tex/latex/amsfonts\umsb.fd
File: umsb.fd 2013/01/14 v3.01 AMS symbols B
)
Overfull \hbox (2.61108pt too wide) has occurred while \output is active
[] 
 []

[1


{C:/Users/bsterling/AppData/Local/MiKTeX/pdftex/config/pdftex.map}]
Overfull \hbox (8.01192pt too wide) in paragraph at lines 161--185
\OT1/cmr/m/it/10.95 Licensing pro-vi-sions(please choose one): \OT1/cmr/m/n/10.
95 CC0 1.0/CC By 4.0/MIT/Apache-2.0/BSD
 []


Underfull \hbox (badness 10000) in paragraph at lines 161--185

 []


Underfull \hbox (badness 10000) in paragraph at lines 161--185

 []


Underfull \hbox (badness 10000) in paragraph at lines 193--196

 []

[2]
<exp_protrusion.png, id=18, 1183.42125pt x 607.51968pt>
File: exp_protrusion.png Graphic file (type png)
<use exp_protrusion.png>
Package pdftex.def Info: exp_protrusion.png  used on input line 212.
(pdftex.def)             Requested size: 426.79134pt x 219.09625pt.

Overfull \hbox (36.79134pt too wide) in paragraph at lines 212--213
[][] 
 []

[3 <./exp_protrusion.png>] [4]
Overfull \hbox (40.79713pt too wide) detected at line 264
[]
 []

<exp_decay_distribution.png, id=31, 387.69844pt x 301.8778pt>
File: exp_decay_distribution.png Graphic file (type png)
<use exp_decay_distribution.png>
Package pdftex.def Info: exp_decay_distribution.png  used on input line 281.
(pdftex.def)             Requested size: 426.79134pt x 332.32455pt.

Overfull \hbox (36.79134pt too wide) in paragraph at lines 281--282
[][] 
 []

[5] [6 <./exp_decay_distribution.png>]
<gaussian_protrusion.png, id=42, 1182.66844pt x 645.16031pt>
File: gaussian_protrusion.png Graphic file (type png)
<use gaussian_protrusion.png>
Package pdftex.def Info: gaussian_protrusion.png  used on input line 299.
(pdftex.def)             Requested size: 426.79134pt x 232.81865pt.

Overfull \hbox (36.79134pt too wide) in paragraph at lines 299--300
[][] 
 []

[7 <./gaussian_protrusion.png>]
Overfull \hbox (97.67453pt too wide) detected at line 332
[]
 []

[8]
<gaussian_decay_distribution.png, id=52, 398.23781pt x 310.91156pt>
File: gaussian_decay_distribution.png Graphic file (type png)
<use gaussian_decay_distribution.png>
Package pdftex.def Info: gaussian_decay_distribution.png  used on input line 35
9.
(pdftex.def)             Requested size: 426.79134pt x 333.21764pt.

Overfull \hbox (36.79134pt too wide) in paragraph at lines 359--360
[][] 
 []

(ZebrafishPaper.bbl

Package natbib Warning: Empty `thebibliography' environment on input line 8.

) [9] [10 <./gaussian_decay_distribution.png>] (ZebrafishPaper.aux) ) 
Here is how much of TeX's memory you used:
 4255 strings out of 480790
 65180 string characters out of 2895425
 310462 words of memory out of 3000000
 20205 multiletter control sequences out of 15000+200000
 542845 words of font info for 64 fonts, out of 3000000 for 9000
 1141 hyphenation exceptions out of 8191
 38i,13n,36p,785b,224s stack positions out of 5000i,500n,10000p,200000b,50000s
<C:/Users/
bsterling/AppData/Local/Programs/MiKTeX/fonts/type1/public/amsfonts/cm/cmbx12.p
fb><C:/Users/bsterling/AppData/Local/Programs/MiKTeX/fonts/type1/public/amsfont
s/cm/cmbx8.pfb><C:/Users/bsterling/AppData/Local/Programs/MiKTeX/fonts/type1/pu
blic/amsfonts/cm/cmex10.pfb><C:/Users/bsterling/AppData/Local/Programs/MiKTeX/f
onts/type1/public/amsfonts/cm/cmmi12.pfb><C:/Users/bsterling/AppData/Local/Prog
rams/MiKTeX/fonts/type1/public/amsfonts/cm/cmmi6.pfb><C:/Users/bsterling/AppDat
a/Local/Programs/MiKTeX/fonts/type1/public/amsfonts/cm/cmmi8.pfb><C:/Users/bste
rling/AppData/Local/Programs/MiKTeX/fonts/type1/public/amsfonts/cm/cmr10.pfb><C
:/Users/bsterling/AppData/Local/Programs/MiKTeX/fonts/type1/public/amsfonts/cm/
cmr12.pfb><C:/Users/bsterling/AppData/Local/Programs/MiKTeX/fonts/type1/public/
amsfonts/cm/cmr17.pfb><C:/Users/bsterling/AppData/Local/Programs/MiKTeX/fonts/t
ype1/public/amsfonts/cm/cmr6.pfb><C:/Users/bsterling/AppData/Local/Programs/MiK
TeX/fonts/type1/public/amsfonts/cm/cmr8.pfb><C:/Users/bsterling/AppData/Local/P
rograms/MiKTeX/fonts/type1/public/amsfonts/cm/cmsy10.pfb><C:/Users/bsterling/Ap
pData/Local/Programs/MiKTeX/fonts/type1/public/amsfonts/cm/cmsy6.pfb><C:/Users/
bsterling/AppData/Local/Programs/MiKTeX/fonts/type1/public/amsfonts/cm/cmsy7.pf
b><C:/Users/bsterling/AppData/Local/Programs/MiKTeX/fonts/type1/public/amsfonts
/cm/cmsy8.pfb><C:/Users/bsterling/AppData/Local/Programs/MiKTeX/fonts/type1/pub
lic/amsfonts/cm/cmti10.pfb><C:/Users/bsterling/AppData/Local/Programs/MiKTeX/fo
nts/type1/public/amsfonts/cm/cmti12.pfb><C:/Users/bsterling/AppData/Local/Progr
ams/MiKTeX/fonts/type1/public/amsfonts/cm/cmti7.pfb>
Output written on ZebrafishPaper.pdf (10 pages, 644483 bytes).
PDF statistics:
 116 PDF objects out of 1000 (max. 8388607)
 0 named destinations out of 1000 (max. 500000)
 21 words of extra memory for PDF output out of 10000 (max. 10000000)

