  Deconvolution.cpp
C:\Users\bsterling\Desktop\3DBioImaging\Zebrafish\Deng_Shape_cpp\eigen\unsupported\Eigen\CXX11\src\Tensor\Tensor.h(76,1): warning C4554: '&': check operator precedence for possible error; use parentheses to clarify precedence
C:\Users\bsterling\Desktop\3DBioImaging\Zebrafish\Deng_Shape_cpp\Deng_Shape_cpp\Slice.hpp(16): message : see reference to class template instantiation 'Eigen::Tensor<float,3,1,Eigen::DenseIndex>' being compiled
C:\Users\bsterling\Desktop\3DBioImaging\Zebrafish\Deng_Shape_cpp\Deng_Shape_cpp\Deconvolution.cpp(12,27): warning C4244: '=': conversion from 'const _Ty' to 'uint16_t', possible loss of data
          with
          [
              _Ty=__int64
          ]
C:\Users\bsterling\Desktop\3DBioImaging\Zebrafish\Deng_Shape_cpp\Deng_Shape_cpp\Deconvolution.cpp(16,36): warning C4244: '=': conversion from '_Ty' to 'uint16_t', possible loss of data
          with
          [
              _Ty=__int64
          ]
C:\Users\bsterling\Desktop\3DBioImaging\Zebrafish\Deng_Shape_cpp\Deng_Shape_cpp\Deconvolution.cpp(22,24): warning C4244: '=': conversion from 'double' to 'uint16_t', possible loss of data
C:\Users\bsterling\Desktop\3DBioImaging\Zebrafish\Deng_Shape_cpp\Deng_Shape_cpp\Deconvolution.cpp(49,96): warning C4244: 'argument': conversion from '_Ty' to 'uint16_t', possible loss of data
          with
          [
              _Ty=__int64
          ]
C:\Users\bsterling\Desktop\3DBioImaging\Zebrafish\Deng_Shape_cpp\Deng_Shape_cpp\Deconvolution.cpp(49,76): warning C4244: 'argument': conversion from '_Ty' to 'uint16_t', possible loss of data
          with
          [
              _Ty=__int64
          ]
C:\Users\bsterling\Desktop\3DBioImaging\Zebrafish\Deng_Shape_cpp\Deng_Shape_cpp\Deconvolution.cpp(49,56): warning C4244: 'argument': conversion from '_Ty' to 'uint16_t', possible loss of data
          with
          [
              _Ty=__int64
          ]
C:\Users\bsterling\Desktop\3DBioImaging\Zebrafish\Deng_Shape_cpp\Deng_Shape_cpp\Deconvolution.cpp(58,27): warning C4244: '=': conversion from 'double' to '_Ty', possible loss of data
          with
          [
              _Ty=__int64
          ]
C:\Users\bsterling\Desktop\3DBioImaging\Zebrafish\Deng_Shape_cpp\Deng_Shape_cpp\Deconvolution.cpp(85,67): warning C4244: 'argument': conversion from '_Ty' to 'uint16_t', possible loss of data
          with
          [
              _Ty=__int64
          ]
C:\Users\bsterling\Desktop\3DBioImaging\Zebrafish\Deng_Shape_cpp\Deng_Shape_cpp\Deconvolution.cpp(85,55): warning C4244: 'argument': conversion from '_Ty' to 'uint16_t', possible loss of data
          with
          [
              _Ty=__int64
          ]
C:\Users\bsterling\Desktop\3DBioImaging\Zebrafish\Deng_Shape_cpp\Deng_Shape_cpp\Deconvolution.cpp(85,43): warning C4244: 'argument': conversion from '_Ty' to 'uint16_t', possible loss of data
          with
          [
              _Ty=__int64
          ]
  Deng_Shape_cpp.vcxproj -> C:\Users\bsterling\Desktop\3DBioImaging\Zebrafish\Deng_Shape_cpp\x64\Debug\Deng_Shape_cpp.exe
