  Deng_Shape_cpp.cpp
C:\Users\bsterling\Desktop\3DBioImaging\Zebrafish\Deng_Shape_cpp\eigen\unsupported\Eigen\CXX11\src\Tensor\Tensor.h(76,1): warning C4554: '&': check operator precedence for possible error; use parentheses to clarify precedence
C:\Users\bsterling\Desktop\3DBioImaging\Zebrafish\Deng_Shape_cpp\Deng_Shape_cpp\Slice.hpp(17): message : see reference to class template instantiation 'Eigen::Tensor<float,3,1,Eigen::DenseIndex>' being compiled
  Fourier.cpp
C:\Users\bsterling\Desktop\3DBioImaging\Zebrafish\Deng_Shape_cpp\eigen\unsupported\Eigen\CXX11\src\Tensor\Tensor.h(76,1): warning C4554: '&': check operator precedence for possible error; use parentheses to clarify precedence
C:\Users\bsterling\Desktop\3DBioImaging\Zebrafish\Deng_Shape_cpp\Deng_Shape_cpp\Fourier.cpp(8): message : see reference to class template instantiation 'Eigen::Tensor<float,1,1,Eigen::DenseIndex>' being compiled
C:\Users\bsterling\Desktop\3DBioImaging\Zebrafish\Deng_Shape_cpp\Deng_Shape_cpp\Fourier.cpp(14,33): warning C4244: 'argument': conversion from 'uint64_t' to 'int', possible loss of data
C:\Users\bsterling\Desktop\3DBioImaging\Zebrafish\Deng_Shape_cpp\Deng_Shape_cpp\Fourier.cpp(21,72): warning C4244: 'argument': conversion from 'double' to 'const std::complex<float>::_Ty', possible loss of data
C:\Users\bsterling\Desktop\3DBioImaging\Zebrafish\Deng_Shape_cpp\Deng_Shape_cpp\Fourier.cpp(21,43): warning C4244: 'argument': conversion from 'double' to 'const std::complex<float>::_Ty', possible loss of data
C:\Users\bsterling\Desktop\3DBioImaging\Zebrafish\Deng_Shape_cpp\Deng_Shape_cpp\Fourier.cpp(49,66): warning C4244: 'argument': conversion from 'double' to 'const std::complex<float>::_Ty', possible loss of data
C:\Users\bsterling\Desktop\3DBioImaging\Zebrafish\Deng_Shape_cpp\Deng_Shape_cpp\Fourier.cpp(49,37): warning C4244: 'argument': conversion from 'double' to 'const std::complex<float>::_Ty', possible loss of data
C:\Users\bsterling\Desktop\3DBioImaging\Zebrafish\Deng_Shape_cpp\Deng_Shape_cpp\Fourier.cpp(82,66): warning C4244: 'argument': conversion from 'double' to 'const std::complex<float>::_Ty', possible loss of data
C:\Users\bsterling\Desktop\3DBioImaging\Zebrafish\Deng_Shape_cpp\Deng_Shape_cpp\Fourier.cpp(82,37): warning C4244: 'argument': conversion from 'double' to 'const std::complex<float>::_Ty', possible loss of data
C:\Users\bsterling\Desktop\3DBioImaging\Zebrafish\Deng_Shape_cpp\Deng_Shape_cpp\Fourier.cpp(112,16): warning C4244: '=': conversion from 'double' to 'float', possible loss of data
  Generating code
  0 of 989 functions ( 0.0%) were compiled, the rest were copied from previous compilation.
    0 functions were new in current compilation
    0 functions had inline decision re-evaluated but remain unchanged
  Finished generating code
  Deng_Shape_cpp.vcxproj -> C:\Users\bsterling\Desktop\3DBioImaging\Zebrafish\Deng_Shape_cpp\x64\Release\Deng_Shape_cpp.exe
